2018-06-27 16:07:16,395 - Initializing Velocity, Calling init()...
2018-06-27 16:07:16,395 - Starting Apache Velocity v1.7 (compiled: 2010-11-19 12:14:37)
2018-06-27 16:07:16,395 - Default Properties File: org\apache\velocity\runtime\defaults\velocity.properties
2018-06-27 16:07:16,395 - Trying to use logger class org.apache.velocity.runtime.log.AvalonLogChute
2018-06-27 16:07:16,395 - Target log system for org.apache.velocity.runtime.log.AvalonLogChute is not available (java.lang.NoClassDefFoundError: org/apache/log/format/Formatter).  Falling back to next log system...
2018-06-27 16:07:16,395 - Trying to use logger class org.apache.velocity.runtime.log.Log4JLogChute
2018-06-27 16:07:16,395 - Using logger class org.apache.velocity.runtime.log.Log4JLogChute
2018-06-27 16:07:16,396 - ResourceLoader instantiated: org.apache.velocity.runtime.resource.loader.ClasspathResourceLoader
2018-06-27 16:07:16,396 - ResourceCache: initialized (class org.apache.velocity.runtime.resource.ResourceCacheImpl) with class java.util.Collections$SynchronizedMap cache map.
2018-06-27 16:07:16,397 - Loaded System Directive: org.apache.velocity.runtime.directive.Stop
2018-06-27 16:07:16,397 - Loaded System Directive: org.apache.velocity.runtime.directive.Define
2018-06-27 16:07:16,397 - Loaded System Directive: org.apache.velocity.runtime.directive.Break
2018-06-27 16:07:16,397 - Loaded System Directive: org.apache.velocity.runtime.directive.Evaluate
2018-06-27 16:07:16,397 - Loaded System Directive: org.apache.velocity.runtime.directive.Literal
2018-06-27 16:07:16,397 - Loaded System Directive: org.apache.velocity.runtime.directive.Macro
2018-06-27 16:07:16,397 - Loaded System Directive: org.apache.velocity.runtime.directive.Parse
2018-06-27 16:07:16,397 - Loaded System Directive: org.apache.velocity.runtime.directive.Include
2018-06-27 16:07:16,397 - Loaded System Directive: org.apache.velocity.runtime.directive.Foreach
2018-06-27 16:07:16,397 - Created '20' parsers.
2018-06-27 16:07:16,397 - Velocimacro : "velocimacro.library" is not set.  Trying default library: VM_global_library.vm
2018-06-27 16:07:16,398 - Could not load resource 'VM_global_library.vm' from ResourceLoader org.apache.velocity.runtime.resource.loader.ClasspathResourceLoader: ClasspathResourceLoader Error: cannot find resource VM_global_library.vm
2018-06-27 16:07:16,398 - Velocimacro : Default library not found.
2018-06-27 16:07:16,398 - Velocimacro : allowInline = true : VMs can be defined inline in templates
2018-06-27 16:07:16,398 - Velocimacro : allowInlineToOverride = false : VMs defined inline may NOT replace previous VM definitions
2018-06-27 16:07:16,398 - Velocimacro : allowInlineLocal = false : VMs defined inline will be global in scope if allowed.
2018-06-27 16:07:16,398 - Velocimacro : autoload off : VM system will not automatically reload global library macros
2018-06-27 16:07:16,401 - ResourceManager : found templates/pages/featureOverview.vm with loader org.apache.velocity.runtime.resource.loader.ClasspathResourceLoader
2018-06-27 16:07:16,402 - ResourceManager : found /templates/headers.html with loader org.apache.velocity.runtime.resource.loader.ClasspathResourceLoader
2018-06-27 16:07:16,402 - ResourceManager : found /templates/tableSorter.vm with loader org.apache.velocity.runtime.resource.loader.ClasspathResourceLoader
2018-06-27 16:07:16,402 - ResourceManager : found /styles/reporting.css with loader org.apache.velocity.runtime.resource.loader.ClasspathResourceLoader
2018-06-27 16:07:16,403 - ResourceManager : found /templates/topMenu.vm with loader org.apache.velocity.runtime.resource.loader.ClasspathResourceLoader
2018-06-27 16:07:16,403 - ResourceManager : found /templates/summaryOverview.vm with loader org.apache.velocity.runtime.resource.loader.ClasspathResourceLoader
2018-06-27 16:07:16,403 - ResourceManager : found /templates/tableHeader.vm with loader org.apache.velocity.runtime.resource.loader.ClasspathResourceLoader
2018-06-27 16:07:16,405 - ResourceManager : found /templates/footer.vm with loader org.apache.velocity.runtime.resource.loader.ClasspathResourceLoader
2018-06-27 16:07:16,407 - Log4JLogChute initialized using file 'target\Masterthought\velocity.log'
2018-06-27 16:07:16,407 - Initializing Velocity, Calling init()...
2018-06-27 16:07:16,407 - Starting Apache Velocity v1.7 (compiled: 2010-11-19 12:14:37)
2018-06-27 16:07:16,407 - Default Properties File: org\apache\velocity\runtime\defaults\velocity.properties
2018-06-27 16:07:16,407 - Trying to use logger class org.apache.velocity.runtime.log.AvalonLogChute
2018-06-27 16:07:16,407 - Target log system for org.apache.velocity.runtime.log.AvalonLogChute is not available (java.lang.NoClassDefFoundError: org/apache/log/format/Formatter).  Falling back to next log system...
2018-06-27 16:07:16,407 - Trying to use logger class org.apache.velocity.runtime.log.Log4JLogChute
2018-06-27 16:07:16,407 - Using logger class org.apache.velocity.runtime.log.Log4JLogChute
2018-06-27 16:07:16,407 - ResourceLoader instantiated: org.apache.velocity.runtime.resource.loader.ClasspathResourceLoader
2018-06-27 16:07:16,407 - ResourceCache: initialized (class org.apache.velocity.runtime.resource.ResourceCacheImpl) with class java.util.Collections$SynchronizedMap cache map.
2018-06-27 16:07:16,407 - Loaded System Directive: org.apache.velocity.runtime.directive.Stop
2018-06-27 16:07:16,407 - Loaded System Directive: org.apache.velocity.runtime.directive.Define
2018-06-27 16:07:16,407 - Loaded System Directive: org.apache.velocity.runtime.directive.Break
2018-06-27 16:07:16,408 - Loaded System Directive: org.apache.velocity.runtime.directive.Evaluate
2018-06-27 16:07:16,408 - Loaded System Directive: org.apache.velocity.runtime.directive.Literal
2018-06-27 16:07:16,408 - Loaded System Directive: org.apache.velocity.runtime.directive.Macro
2018-06-27 16:07:16,408 - Loaded System Directive: org.apache.velocity.runtime.directive.Parse
2018-06-27 16:07:16,408 - Loaded System Directive: org.apache.velocity.runtime.directive.Include
2018-06-27 16:07:16,408 - Loaded System Directive: org.apache.velocity.runtime.directive.Foreach
2018-06-27 16:07:16,408 - Created '20' parsers.
2018-06-27 16:07:16,408 - Velocimacro : "velocimacro.library" is not set.  Trying default library: VM_global_library.vm
2018-06-27 16:07:16,409 - Could not load resource 'VM_global_library.vm' from ResourceLoader org.apache.velocity.runtime.resource.loader.ClasspathResourceLoader: ClasspathResourceLoader Error: cannot find resource VM_global_library.vm
2018-06-27 16:07:16,409 - Velocimacro : Default library not found.
2018-06-27 16:07:16,409 - Velocimacro : allowInline = true : VMs can be defined inline in templates
2018-06-27 16:07:16,409 - Velocimacro : allowInlineToOverride = false : VMs defined inline may NOT replace previous VM definitions
2018-06-27 16:07:16,409 - Velocimacro : allowInlineLocal = false : VMs defined inline will be global in scope if allowed.
2018-06-27 16:07:16,409 - Velocimacro : autoload off : VM system will not automatically reload global library macros
2018-06-27 16:07:16,410 - ResourceManager : found templates/pages/featureReport.vm with loader org.apache.velocity.runtime.resource.loader.ClasspathResourceLoader
2018-06-27 16:07:16,411 - ResourceManager : found /templates/headers.html with loader org.apache.velocity.runtime.resource.loader.ClasspathResourceLoader
2018-06-27 16:07:16,411 - ResourceManager : found /styles/reporting.css with loader org.apache.velocity.runtime.resource.loader.ClasspathResourceLoader
2018-06-27 16:07:16,412 - ResourceManager : found /templates/topMenu.vm with loader org.apache.velocity.runtime.resource.loader.ClasspathResourceLoader
2018-06-27 16:07:16,412 - ResourceManager : found /templates/summaryReport.vm with loader org.apache.velocity.runtime.resource.loader.ClasspathResourceLoader
2018-06-27 16:07:16,412 - ResourceManager : found /templates/tableHeader.vm with loader org.apache.velocity.runtime.resource.loader.ClasspathResourceLoader
2018-06-27 16:07:16,415 - ResourceManager : found /templates/footer.vm with loader org.apache.velocity.runtime.resource.loader.ClasspathResourceLoader
2018-06-27 16:07:16,416 - ResourceManager : found templates/pages/featureReport.vm with loader org.apache.velocity.runtime.resource.loader.ClasspathResourceLoader
2018-06-27 16:07:16,417 - ResourceManager : found /templates/headers.html with loader org.apache.velocity.runtime.resource.loader.ClasspathResourceLoader
2018-06-27 16:07:16,417 - ResourceManager : found /styles/reporting.css with loader org.apache.velocity.runtime.resource.loader.ClasspathResourceLoader
2018-06-27 16:07:16,418 - ResourceManager : found /templates/topMenu.vm with loader org.apache.velocity.runtime.resource.loader.ClasspathResourceLoader
2018-06-27 16:07:16,418 - ResourceManager : found /templates/summaryReport.vm with loader org.apache.velocity.runtime.resource.loader.ClasspathResourceLoader
2018-06-27 16:07:16,418 - ResourceManager : found /templates/tableHeader.vm with loader org.apache.velocity.runtime.resource.loader.ClasspathResourceLoader
2018-06-27 16:07:16,421 - ResourceManager : found /templates/footer.vm with loader org.apache.velocity.runtime.resource.loader.ClasspathResourceLoader
2018-06-27 16:07:16,422 - ResourceManager : found templates/pages/featureReport.vm with loader org.apache.velocity.runtime.resource.loader.ClasspathResourceLoader
2018-06-27 16:07:16,423 - ResourceManager : found /templates/headers.html with loader org.apache.velocity.runtime.resource.loader.ClasspathResourceLoader
2018-06-27 16:07:16,423 - ResourceManager : found /styles/reporting.css with loader org.apache.velocity.runtime.resource.loader.ClasspathResourceLoader
2018-06-27 16:07:16,423 - ResourceManager : found /templates/topMenu.vm with loader org.apache.velocity.runtime.resource.loader.ClasspathResourceLoader
2018-06-27 16:07:16,424 - ResourceManager : found /templates/summaryReport.vm with loader org.apache.velocity.runtime.resource.loader.ClasspathResourceLoader
2018-06-27 16:07:16,424 - ResourceManager : found /templates/tableHeader.vm with loader org.apache.velocity.runtime.resource.loader.ClasspathResourceLoader
2018-06-27 16:07:16,428 - ResourceManager : found /templates/footer.vm with loader org.apache.velocity.runtime.resource.loader.ClasspathResourceLoader
2018-06-27 16:07:16,429 - ResourceManager : found templates/pages/featureReport.vm with loader org.apache.velocity.runtime.resource.loader.ClasspathResourceLoader
2018-06-27 16:07:16,430 - ResourceManager : found /templates/headers.html with loader org.apache.velocity.runtime.resource.loader.ClasspathResourceLoader
2018-06-27 16:07:16,430 - ResourceManager : found /styles/reporting.css with loader org.apache.velocity.runtime.resource.loader.ClasspathResourceLoader
2018-06-27 16:07:16,430 - ResourceManager : found /templates/topMenu.vm with loader org.apache.velocity.runtime.resource.loader.ClasspathResourceLoader
2018-06-27 16:07:16,431 - ResourceManager : found /templates/summaryReport.vm with loader org.apache.velocity.runtime.resource.loader.ClasspathResourceLoader
2018-06-27 16:07:16,431 - ResourceManager : found /templates/tableHeader.vm with loader org.apache.velocity.runtime.resource.loader.ClasspathResourceLoader
2018-06-27 16:07:16,432 - ResourceManager : found /templates/footer.vm with loader org.apache.velocity.runtime.resource.loader.ClasspathResourceLoader
2018-06-27 16:07:16,434 - ResourceManager : found templates/pages/featureReport.vm with loader org.apache.velocity.runtime.resource.loader.ClasspathResourceLoader
2018-06-27 16:07:16,434 - ResourceManager : found /templates/headers.html with loader org.apache.velocity.runtime.resource.loader.ClasspathResourceLoader
2018-06-27 16:07:16,435 - ResourceManager : found /styles/reporting.css with loader org.apache.velocity.runtime.resource.loader.ClasspathResourceLoader
2018-06-27 16:07:16,435 - ResourceManager : found /templates/topMenu.vm with loader org.apache.velocity.runtime.resource.loader.ClasspathResourceLoader
2018-06-27 16:07:16,435 - ResourceManager : found /templates/summaryReport.vm with loader org.apache.velocity.runtime.resource.loader.ClasspathResourceLoader
2018-06-27 16:07:16,436 - ResourceManager : found /templates/tableHeader.vm with loader org.apache.velocity.runtime.resource.loader.ClasspathResourceLoader
2018-06-27 16:07:16,438 - ResourceManager : found /templates/footer.vm with loader org.apache.velocity.runtime.resource.loader.ClasspathResourceLoader
2018-06-27 16:07:16,439 - ResourceManager : found templates/pages/featureReport.vm with loader org.apache.velocity.runtime.resource.loader.ClasspathResourceLoader
2018-06-27 16:07:16,440 - ResourceManager : found /templates/headers.html with loader org.apache.velocity.runtime.resource.loader.ClasspathResourceLoader
2018-06-27 16:07:16,440 - ResourceManager : found /styles/reporting.css with loader org.apache.velocity.runtime.resource.loader.ClasspathResourceLoader
2018-06-27 16:07:16,440 - ResourceManager : found /templates/topMenu.vm with loader org.apache.velocity.runtime.resource.loader.ClasspathResourceLoader
2018-06-27 16:07:16,441 - ResourceManager : found /templates/summaryReport.vm with loader org.apache.velocity.runtime.resource.loader.ClasspathResourceLoader
2018-06-27 16:07:16,441 - ResourceManager : found /templates/tableHeader.vm with loader org.apache.velocity.runtime.resource.loader.ClasspathResourceLoader
2018-06-27 16:07:16,443 - ResourceManager : found /templates/footer.vm with loader org.apache.velocity.runtime.resource.loader.ClasspathResourceLoader
2018-06-27 16:07:16,444 - ResourceManager : found templates/pages/featureReport.vm with loader org.apache.velocity.runtime.resource.loader.ClasspathResourceLoader
2018-06-27 16:07:16,445 - ResourceManager : found /templates/headers.html with loader org.apache.velocity.runtime.resource.loader.ClasspathResourceLoader
2018-06-27 16:07:16,445 - ResourceManager : found /styles/reporting.css with loader org.apache.velocity.runtime.resource.loader.ClasspathResourceLoader
2018-06-27 16:07:16,445 - ResourceManager : found /templates/topMenu.vm with loader org.apache.velocity.runtime.resource.loader.ClasspathResourceLoader
2018-06-27 16:07:16,445 - ResourceManager : found /templates/summaryReport.vm with loader org.apache.velocity.runtime.resource.loader.ClasspathResourceLoader
2018-06-27 16:07:16,446 - ResourceManager : found /templates/tableHeader.vm with loader org.apache.velocity.runtime.resource.loader.ClasspathResourceLoader
2018-06-27 16:07:16,450 - ResourceManager : found /templates/footer.vm with loader org.apache.velocity.runtime.resource.loader.ClasspathResourceLoader
2018-06-27 16:07:16,451 - ResourceManager : found templates/pages/featureReport.vm with loader org.apache.velocity.runtime.resource.loader.ClasspathResourceLoader
2018-06-27 16:07:16,452 - ResourceManager : found /templates/headers.html with loader org.apache.velocity.runtime.resource.loader.ClasspathResourceLoader
2018-06-27 16:07:16,452 - ResourceManager : found /styles/reporting.css with loader org.apache.velocity.runtime.resource.loader.ClasspathResourceLoader
2018-06-27 16:07:16,452 - ResourceManager : found /templates/topMenu.vm with loader org.apache.velocity.runtime.resource.loader.ClasspathResourceLoader
2018-06-27 16:07:16,452 - ResourceManager : found /templates/summaryReport.vm with loader org.apache.velocity.runtime.resource.loader.ClasspathResourceLoader
2018-06-27 16:07:16,453 - ResourceManager : found /templates/tableHeader.vm with loader org.apache.velocity.runtime.resource.loader.ClasspathResourceLoader
2018-06-27 16:07:16,453 - ResourceManager : found /templates/footer.vm with loader org.apache.velocity.runtime.resource.loader.ClasspathResourceLoader
2018-06-27 16:07:16,454 - ResourceManager : found templates/pages/featureReport.vm with loader org.apache.velocity.runtime.resource.loader.ClasspathResourceLoader
2018-06-27 16:07:16,455 - ResourceManager : found /templates/headers.html with loader org.apache.velocity.runtime.resource.loader.ClasspathResourceLoader
2018-06-27 16:07:16,455 - ResourceManager : found /styles/reporting.css with loader org.apache.velocity.runtime.resource.loader.ClasspathResourceLoader
2018-06-27 16:07:16,456 - ResourceManager : found /templates/topMenu.vm with loader org.apache.velocity.runtime.resource.loader.ClasspathResourceLoader
2018-06-27 16:07:16,456 - ResourceManager : found /templates/summaryReport.vm with loader org.apache.velocity.runtime.resource.loader.ClasspathResourceLoader
2018-06-27 16:07:16,456 - ResourceManager : found /templates/tableHeader.vm with loader org.apache.velocity.runtime.resource.loader.ClasspathResourceLoader
2018-06-27 16:07:16,459 - ResourceManager : found /templates/footer.vm with loader org.apache.velocity.runtime.resource.loader.ClasspathResourceLoader
2018-06-27 16:07:16,460 - ResourceManager : found templates/pages/featureReport.vm with loader org.apache.velocity.runtime.resource.loader.ClasspathResourceLoader
2018-06-27 16:07:16,461 - ResourceManager : found /templates/headers.html with loader org.apache.velocity.runtime.resource.loader.ClasspathResourceLoader
2018-06-27 16:07:16,462 - ResourceManager : found /styles/reporting.css with loader org.apache.velocity.runtime.resource.loader.ClasspathResourceLoader
2018-06-27 16:07:16,462 - ResourceManager : found /templates/topMenu.vm with loader org.apache.velocity.runtime.resource.loader.ClasspathResourceLoader
2018-06-27 16:07:16,462 - ResourceManager : found /templates/summaryReport.vm with loader org.apache.velocity.runtime.resource.loader.ClasspathResourceLoader
2018-06-27 16:07:16,463 - ResourceManager : found /templates/tableHeader.vm with loader org.apache.velocity.runtime.resource.loader.ClasspathResourceLoader
2018-06-27 16:07:16,464 - ResourceManager : found /templates/footer.vm with loader org.apache.velocity.runtime.resource.loader.ClasspathResourceLoader
2018-06-27 16:07:16,466 - ResourceManager : found templates/pages/featureReport.vm with loader org.apache.velocity.runtime.resource.loader.ClasspathResourceLoader
2018-06-27 16:07:16,467 - ResourceManager : found /templates/headers.html with loader org.apache.velocity.runtime.resource.loader.ClasspathResourceLoader
2018-06-27 16:07:16,467 - ResourceManager : found /styles/reporting.css with loader org.apache.velocity.runtime.resource.loader.ClasspathResourceLoader
2018-06-27 16:07:16,467 - ResourceManager : found /templates/topMenu.vm with loader org.apache.velocity.runtime.resource.loader.ClasspathResourceLoader
2018-06-27 16:07:16,468 - ResourceManager : found /templates/summaryReport.vm with loader org.apache.velocity.runtime.resource.loader.ClasspathResourceLoader
2018-06-27 16:07:16,468 - ResourceManager : found /templates/tableHeader.vm with loader org.apache.velocity.runtime.resource.loader.ClasspathResourceLoader
2018-06-27 16:07:16,472 - ResourceManager : found /templates/footer.vm with loader org.apache.velocity.runtime.resource.loader.ClasspathResourceLoader
2018-06-27 16:07:16,473 - ResourceManager : found templates/pages/featureReport.vm with loader org.apache.velocity.runtime.resource.loader.ClasspathResourceLoader
2018-06-27 16:07:16,473 - ResourceManager : found /templates/headers.html with loader org.apache.velocity.runtime.resource.loader.ClasspathResourceLoader
2018-06-27 16:07:16,474 - ResourceManager : found /styles/reporting.css with loader org.apache.velocity.runtime.resource.loader.ClasspathResourceLoader
2018-06-27 16:07:16,474 - ResourceManager : found /templates/topMenu.vm with loader org.apache.velocity.runtime.resource.loader.ClasspathResourceLoader
2018-06-27 16:07:16,474 - ResourceManager : found /templates/summaryReport.vm with loader org.apache.velocity.runtime.resource.loader.ClasspathResourceLoader
2018-06-27 16:07:16,475 - ResourceManager : found /templates/tableHeader.vm with loader org.apache.velocity.runtime.resource.loader.ClasspathResourceLoader
2018-06-27 16:07:16,475 - ResourceManager : found /templates/footer.vm with loader org.apache.velocity.runtime.resource.loader.ClasspathResourceLoader
2018-06-27 16:07:16,477 - Log4JLogChute initialized using file 'target\Masterthought\velocity.log'
2018-06-27 16:07:16,477 - Initializing Velocity, Calling init()...
2018-06-27 16:07:16,477 - Starting Apache Velocity v1.7 (compiled: 2010-11-19 12:14:37)
2018-06-27 16:07:16,477 - Default Properties File: org\apache\velocity\runtime\defaults\velocity.properties
2018-06-27 16:07:16,477 - Trying to use logger class org.apache.velocity.runtime.log.AvalonLogChute
2018-06-27 16:07:16,477 - Target log system for org.apache.velocity.runtime.log.AvalonLogChute is not available (java.lang.NoClassDefFoundError: org/apache/log/format/Formatter).  Falling back to next log system...
2018-06-27 16:07:16,477 - Trying to use logger class org.apache.velocity.runtime.log.Log4JLogChute
2018-06-27 16:07:16,477 - Using logger class org.apache.velocity.runtime.log.Log4JLogChute
2018-06-27 16:07:16,477 - ResourceLoader instantiated: org.apache.velocity.runtime.resource.loader.ClasspathResourceLoader
2018-06-27 16:07:16,477 - ResourceCache: initialized (class org.apache.velocity.runtime.resource.ResourceCacheImpl) with class java.util.Collections$SynchronizedMap cache map.
2018-06-27 16:07:16,477 - Loaded System Directive: org.apache.velocity.runtime.directive.Stop
2018-06-27 16:07:16,477 - Loaded System Directive: org.apache.velocity.runtime.directive.Define
2018-06-27 16:07:16,477 - Loaded System Directive: org.apache.velocity.runtime.directive.Break
2018-06-27 16:07:16,477 - Loaded System Directive: org.apache.velocity.runtime.directive.Evaluate
2018-06-27 16:07:16,478 - Loaded System Directive: org.apache.velocity.runtime.directive.Literal
2018-06-27 16:07:16,478 - Loaded System Directive: org.apache.velocity.runtime.directive.Macro
2018-06-27 16:07:16,478 - Loaded System Directive: org.apache.velocity.runtime.directive.Parse
2018-06-27 16:07:16,478 - Loaded System Directive: org.apache.velocity.runtime.directive.Include
2018-06-27 16:07:16,478 - Loaded System Directive: org.apache.velocity.runtime.directive.Foreach
2018-06-27 16:07:16,478 - Created '20' parsers.
2018-06-27 16:07:16,478 - Velocimacro : "velocimacro.library" is not set.  Trying default library: VM_global_library.vm
2018-06-27 16:07:16,479 - Could not load resource 'VM_global_library.vm' from ResourceLoader org.apache.velocity.runtime.resource.loader.ClasspathResourceLoader: ClasspathResourceLoader Error: cannot find resource VM_global_library.vm
2018-06-27 16:07:16,479 - Velocimacro : Default library not found.
2018-06-27 16:07:16,479 - Velocimacro : allowInline = true : VMs can be defined inline in templates
2018-06-27 16:07:16,479 - Velocimacro : allowInlineToOverride = false : VMs defined inline may NOT replace previous VM definitions
2018-06-27 16:07:16,479 - Velocimacro : allowInlineLocal = false : VMs defined inline will be global in scope if allowed.
2018-06-27 16:07:16,479 - Velocimacro : autoload off : VM system will not automatically reload global library macros
2018-06-27 16:07:16,480 - ResourceManager : found templates/pages/tagReport.vm with loader org.apache.velocity.runtime.resource.loader.ClasspathResourceLoader
2018-06-27 16:07:16,481 - ResourceManager : found /templates/headers.html with loader org.apache.velocity.runtime.resource.loader.ClasspathResourceLoader
2018-06-27 16:07:16,481 - ResourceManager : found /styles/reporting.css with loader org.apache.velocity.runtime.resource.loader.ClasspathResourceLoader
2018-06-27 16:07:16,482 - ResourceManager : found /templates/topMenu.vm with loader org.apache.velocity.runtime.resource.loader.ClasspathResourceLoader
2018-06-27 16:07:16,482 - ResourceManager : found /templates/summaryReport.vm with loader org.apache.velocity.runtime.resource.loader.ClasspathResourceLoader
2018-06-27 16:07:16,482 - ResourceManager : found /templates/tableHeader.vm with loader org.apache.velocity.runtime.resource.loader.ClasspathResourceLoader
2018-06-27 16:07:16,487 - ResourceManager : found /templates/footer.vm with loader org.apache.velocity.runtime.resource.loader.ClasspathResourceLoader
2018-06-27 16:07:16,488 - ResourceManager : found templates/pages/tagReport.vm with loader org.apache.velocity.runtime.resource.loader.ClasspathResourceLoader
2018-06-27 16:07:16,488 - ResourceManager : found /templates/headers.html with loader org.apache.velocity.runtime.resource.loader.ClasspathResourceLoader
2018-06-27 16:07:16,489 - ResourceManager : found /styles/reporting.css with loader org.apache.velocity.runtime.resource.loader.ClasspathResourceLoader
2018-06-27 16:07:16,489 - ResourceManager : found /templates/topMenu.vm with loader org.apache.velocity.runtime.resource.loader.ClasspathResourceLoader
2018-06-27 16:07:16,489 - ResourceManager : found /templates/summaryReport.vm with loader org.apache.velocity.runtime.resource.loader.ClasspathResourceLoader
2018-06-27 16:07:16,490 - ResourceManager : found /templates/tableHeader.vm with loader org.apache.velocity.runtime.resource.loader.ClasspathResourceLoader
2018-06-27 16:07:16,497 - ResourceManager : found /templates/footer.vm with loader org.apache.velocity.runtime.resource.loader.ClasspathResourceLoader
2018-06-27 16:07:16,498 - ResourceManager : found templates/pages/tagReport.vm with loader org.apache.velocity.runtime.resource.loader.ClasspathResourceLoader
2018-06-27 16:07:16,499 - ResourceManager : found /templates/headers.html with loader org.apache.velocity.runtime.resource.loader.ClasspathResourceLoader
2018-06-27 16:07:16,499 - ResourceManager : found /styles/reporting.css with loader org.apache.velocity.runtime.resource.loader.ClasspathResourceLoader
2018-06-27 16:07:16,500 - ResourceManager : found /templates/topMenu.vm with loader org.apache.velocity.runtime.resource.loader.ClasspathResourceLoader
2018-06-27 16:07:16,500 - ResourceManager : found /templates/summaryReport.vm with loader org.apache.velocity.runtime.resource.loader.ClasspathResourceLoader
2018-06-27 16:07:16,501 - ResourceManager : found /templates/tableHeader.vm with loader org.apache.velocity.runtime.resource.loader.ClasspathResourceLoader
2018-06-27 16:07:16,501 - ResourceManager : found /templates/footer.vm with loader org.apache.velocity.runtime.resource.loader.ClasspathResourceLoader
2018-06-27 16:07:16,502 - ResourceManager : found templates/pages/tagReport.vm with loader org.apache.velocity.runtime.resource.loader.ClasspathResourceLoader
2018-06-27 16:07:16,503 - ResourceManager : found /templates/headers.html with loader org.apache.velocity.runtime.resource.loader.ClasspathResourceLoader
2018-06-27 16:07:16,503 - ResourceManager : found /styles/reporting.css with loader org.apache.velocity.runtime.resource.loader.ClasspathResourceLoader
2018-06-27 16:07:16,504 - ResourceManager : found /templates/topMenu.vm with loader org.apache.velocity.runtime.resource.loader.ClasspathResourceLoader
2018-06-27 16:07:16,504 - ResourceManager : found /templates/summaryReport.vm with loader org.apache.velocity.runtime.resource.loader.ClasspathResourceLoader
2018-06-27 16:07:16,505 - ResourceManager : found /templates/tableHeader.vm with loader org.apache.velocity.runtime.resource.loader.ClasspathResourceLoader
2018-06-27 16:07:16,505 - ResourceManager : found /templates/footer.vm with loader org.apache.velocity.runtime.resource.loader.ClasspathResourceLoader
2018-06-27 16:07:16,506 - ResourceManager : found templates/pages/tagReport.vm with loader org.apache.velocity.runtime.resource.loader.ClasspathResourceLoader
2018-06-27 16:07:16,507 - ResourceManager : found /templates/headers.html with loader org.apache.velocity.runtime.resource.loader.ClasspathResourceLoader
2018-06-27 16:07:16,507 - ResourceManager : found /styles/reporting.css with loader org.apache.velocity.runtime.resource.loader.ClasspathResourceLoader
2018-06-27 16:07:16,508 - ResourceManager : found /templates/topMenu.vm with loader org.apache.velocity.runtime.resource.loader.ClasspathResourceLoader
2018-06-27 16:07:16,508 - ResourceManager : found /templates/summaryReport.vm with loader org.apache.velocity.runtime.resource.loader.ClasspathResourceLoader
2018-06-27 16:07:16,509 - ResourceManager : found /templates/tableHeader.vm with loader org.apache.velocity.runtime.resource.loader.ClasspathResourceLoader
2018-06-27 16:07:16,514 - ResourceManager : found /templates/footer.vm with loader org.apache.velocity.runtime.resource.loader.ClasspathResourceLoader
2018-06-27 16:07:16,515 - ResourceManager : found templates/pages/tagReport.vm with loader org.apache.velocity.runtime.resource.loader.ClasspathResourceLoader
2018-06-27 16:07:16,516 - ResourceManager : found /templates/headers.html with loader org.apache.velocity.runtime.resource.loader.ClasspathResourceLoader
2018-06-27 16:07:16,516 - ResourceManager : found /styles/reporting.css with loader org.apache.velocity.runtime.resource.loader.ClasspathResourceLoader
2018-06-27 16:07:16,516 - ResourceManager : found /templates/topMenu.vm with loader org.apache.velocity.runtime.resource.loader.ClasspathResourceLoader
2018-06-27 16:07:16,517 - ResourceManager : found /templates/summaryReport.vm with loader org.apache.velocity.runtime.resource.loader.ClasspathResourceLoader
2018-06-27 16:07:16,517 - ResourceManager : found /templates/tableHeader.vm with loader org.apache.velocity.runtime.resource.loader.ClasspathResourceLoader
2018-06-27 16:07:16,518 - ResourceManager : found /templates/footer.vm with loader org.apache.velocity.runtime.resource.loader.ClasspathResourceLoader
2018-06-27 16:07:16,519 - ResourceManager : found templates/pages/tagReport.vm with loader org.apache.velocity.runtime.resource.loader.ClasspathResourceLoader
2018-06-27 16:07:16,520 - ResourceManager : found /templates/headers.html with loader org.apache.velocity.runtime.resource.loader.ClasspathResourceLoader
2018-06-27 16:07:16,521 - ResourceManager : found /styles/reporting.css with loader org.apache.velocity.runtime.resource.loader.ClasspathResourceLoader
2018-06-27 16:07:16,521 - ResourceManager : found /templates/topMenu.vm with loader org.apache.velocity.runtime.resource.loader.ClasspathResourceLoader
2018-06-27 16:07:16,521 - ResourceManager : found /templates/summaryReport.vm with loader org.apache.velocity.runtime.resource.loader.ClasspathResourceLoader
2018-06-27 16:07:16,522 - ResourceManager : found /templates/tableHeader.vm with loader org.apache.velocity.runtime.resource.loader.ClasspathResourceLoader
2018-06-27 16:07:16,522 - ResourceManager : found /templates/footer.vm with loader org.apache.velocity.runtime.resource.loader.ClasspathResourceLoader
2018-06-27 16:07:16,524 - Log4JLogChute initialized using file 'target\Masterthought\velocity.log'
2018-06-27 16:07:16,524 - Initializing Velocity, Calling init()...
2018-06-27 16:07:16,524 - Starting Apache Velocity v1.7 (compiled: 2010-11-19 12:14:37)
2018-06-27 16:07:16,524 - Default Properties File: org\apache\velocity\runtime\defaults\velocity.properties
2018-06-27 16:07:16,524 - Trying to use logger class org.apache.velocity.runtime.log.AvalonLogChute
2018-06-27 16:07:16,524 - Target log system for org.apache.velocity.runtime.log.AvalonLogChute is not available (java.lang.NoClassDefFoundError: org/apache/log/format/Formatter).  Falling back to next log system...
2018-06-27 16:07:16,524 - Trying to use logger class org.apache.velocity.runtime.log.Log4JLogChute
2018-06-27 16:07:16,524 - Using logger class org.apache.velocity.runtime.log.Log4JLogChute
2018-06-27 16:07:16,524 - ResourceLoader instantiated: org.apache.velocity.runtime.resource.loader.ClasspathResourceLoader
2018-06-27 16:07:16,524 - ResourceCache: initialized (class org.apache.velocity.runtime.resource.ResourceCacheImpl) with class java.util.Collections$SynchronizedMap cache map.
2018-06-27 16:07:16,525 - Loaded System Directive: org.apache.velocity.runtime.directive.Stop
2018-06-27 16:07:16,525 - Loaded System Directive: org.apache.velocity.runtime.directive.Define
2018-06-27 16:07:16,525 - Loaded System Directive: org.apache.velocity.runtime.directive.Break
2018-06-27 16:07:16,525 - Loaded System Directive: org.apache.velocity.runtime.directive.Evaluate
2018-06-27 16:07:16,525 - Loaded System Directive: org.apache.velocity.runtime.directive.Literal
2018-06-27 16:07:16,525 - Loaded System Directive: org.apache.velocity.runtime.directive.Macro
2018-06-27 16:07:16,525 - Loaded System Directive: org.apache.velocity.runtime.directive.Parse
2018-06-27 16:07:16,525 - Loaded System Directive: org.apache.velocity.runtime.directive.Include
2018-06-27 16:07:16,525 - Loaded System Directive: org.apache.velocity.runtime.directive.Foreach
2018-06-27 16:07:16,526 - Created '20' parsers.
2018-06-27 16:07:16,526 - Velocimacro : "velocimacro.library" is not set.  Trying default library: VM_global_library.vm
2018-06-27 16:07:16,526 - Could not load resource 'VM_global_library.vm' from ResourceLoader org.apache.velocity.runtime.resource.loader.ClasspathResourceLoader: ClasspathResourceLoader Error: cannot find resource VM_global_library.vm
2018-06-27 16:07:16,526 - Velocimacro : Default library not found.
2018-06-27 16:07:16,526 - Velocimacro : allowInline = true : VMs can be defined inline in templates
2018-06-27 16:07:16,526 - Velocimacro : allowInlineToOverride = false : VMs defined inline may NOT replace previous VM definitions
2018-06-27 16:07:16,526 - Velocimacro : allowInlineLocal = false : VMs defined inline will be global in scope if allowed.
2018-06-27 16:07:16,526 - Velocimacro : autoload off : VM system will not automatically reload global library macros
2018-06-27 16:07:16,528 - ResourceManager : found templates/pages/tagOverview.vm with loader org.apache.velocity.runtime.resource.loader.ClasspathResourceLoader
2018-06-27 16:07:16,529 - ResourceManager : found /templates/headers.html with loader org.apache.velocity.runtime.resource.loader.ClasspathResourceLoader
2018-06-27 16:07:16,529 - ResourceManager : found /templates/tableSorter.vm with loader org.apache.velocity.runtime.resource.loader.ClasspathResourceLoader
2018-06-27 16:07:16,529 - ResourceManager : found /styles/reporting.css with loader org.apache.velocity.runtime.resource.loader.ClasspathResourceLoader
2018-06-27 16:07:16,530 - ResourceManager : found /templates/topMenu.vm with loader org.apache.velocity.runtime.resource.loader.ClasspathResourceLoader
2018-06-27 16:07:16,531 - ResourceManager : found /templates/summaryOverview.vm with loader org.apache.velocity.runtime.resource.loader.ClasspathResourceLoader
2018-06-27 16:07:16,531 - ResourceManager : found /templates/tableHeader.vm with loader org.apache.velocity.runtime.resource.loader.ClasspathResourceLoader
2018-06-27 16:07:16,532 - ResourceManager : found /templates/footer.vm with loader org.apache.velocity.runtime.resource.loader.ClasspathResourceLoader
2018-06-27 16:07:16,534 - Log4JLogChute initialized using file 'target\Masterthought\velocity.log'
2018-06-27 16:07:16,534 - Initializing Velocity, Calling init()...
2018-06-27 16:07:16,534 - Starting Apache Velocity v1.7 (compiled: 2010-11-19 12:14:37)
2018-06-27 16:07:16,534 - Default Properties File: org\apache\velocity\runtime\defaults\velocity.properties
2018-06-27 16:07:16,534 - Trying to use logger class org.apache.velocity.runtime.log.AvalonLogChute
2018-06-27 16:07:16,534 - Target log system for org.apache.velocity.runtime.log.AvalonLogChute is not available (java.lang.NoClassDefFoundError: org/apache/log/format/Formatter).  Falling back to next log system...
2018-06-27 16:07:16,534 - Trying to use logger class org.apache.velocity.runtime.log.Log4JLogChute
2018-06-27 16:07:16,534 - Using logger class org.apache.velocity.runtime.log.Log4JLogChute
2018-06-27 16:07:16,534 - ResourceLoader instantiated: org.apache.velocity.runtime.resource.loader.ClasspathResourceLoader
2018-06-27 16:07:16,534 - ResourceCache: initialized (class org.apache.velocity.runtime.resource.ResourceCacheImpl) with class java.util.Collections$SynchronizedMap cache map.
2018-06-27 16:07:16,535 - Loaded System Directive: org.apache.velocity.runtime.directive.Stop
2018-06-27 16:07:16,535 - Loaded System Directive: org.apache.velocity.runtime.directive.Define
2018-06-27 16:07:16,535 - Loaded System Directive: org.apache.velocity.runtime.directive.Break
2018-06-27 16:07:16,535 - Loaded System Directive: org.apache.velocity.runtime.directive.Evaluate
2018-06-27 16:07:16,535 - Loaded System Directive: org.apache.velocity.runtime.directive.Literal
2018-06-27 16:07:16,535 - Loaded System Directive: org.apache.velocity.runtime.directive.Macro
2018-06-27 16:07:16,535 - Loaded System Directive: org.apache.velocity.runtime.directive.Parse
2018-06-27 16:07:16,535 - Loaded System Directive: org.apache.velocity.runtime.directive.Include
2018-06-27 16:07:16,535 - Loaded System Directive: org.apache.velocity.runtime.directive.Foreach
2018-06-27 16:07:16,536 - Created '20' parsers.
2018-06-27 16:07:16,536 - Velocimacro : "velocimacro.library" is not set.  Trying default library: VM_global_library.vm
2018-06-27 16:07:16,536 - Could not load resource 'VM_global_library.vm' from ResourceLoader org.apache.velocity.runtime.resource.loader.ClasspathResourceLoader: ClasspathResourceLoader Error: cannot find resource VM_global_library.vm
2018-06-27 16:07:16,536 - Velocimacro : Default library not found.
2018-06-27 16:07:16,536 - Velocimacro : allowInline = true : VMs can be defined inline in templates
2018-06-27 16:07:16,536 - Velocimacro : allowInlineToOverride = false : VMs defined inline may NOT replace previous VM definitions
2018-06-27 16:07:16,536 - Velocimacro : allowInlineLocal = false : VMs defined inline will be global in scope if allowed.
2018-06-27 16:07:16,536 - Velocimacro : autoload off : VM system will not automatically reload global library macros
2018-06-27 16:07:16,537 - ResourceManager : found templates/pages/stepOverview.vm with loader org.apache.velocity.runtime.resource.loader.ClasspathResourceLoader
2018-06-27 16:07:16,538 - ResourceManager : found /templates/headers.html with loader org.apache.velocity.runtime.resource.loader.ClasspathResourceLoader
2018-06-27 16:07:16,539 - ResourceManager : found /styles/reporting.css with loader org.apache.velocity.runtime.resource.loader.ClasspathResourceLoader
2018-06-27 16:07:16,539 - ResourceManager : found /templates/tableSorter.vm with loader org.apache.velocity.runtime.resource.loader.ClasspathResourceLoader
2018-06-27 16:07:16,539 - ResourceManager : found /templates/topMenu.vm with loader org.apache.velocity.runtime.resource.loader.ClasspathResourceLoader
2018-06-27 16:07:16,540 - ResourceManager : found /templates/summaryOverview.vm with loader org.apache.velocity.runtime.resource.loader.ClasspathResourceLoader
2018-06-27 16:07:16,541 - ResourceManager : found /templates/footer.vm with loader org.apache.velocity.runtime.resource.loader.ClasspathResourceLoader
rce.loader.ClasspathResourceLoader
2018-06-27 16:07:16,518 - ResourceManager : found /templates/footer.vm with loader org.apache.velocity.runtime.resource.loader.ClasspathResourceLoader
2018-06-27 16:07:16,518 - ResourceManager : found /templates/footer.vm with loader org.apache.velocity.runtime.resource.loader.ClasspathResourceLoader
2018-06-27 16:07:16,519 - ResourceManager : found templates/pages/tagReport.vm with loader org.apache.velocity.runtime.resource.loader.ClasspathResourceLoader
2018-06-27 16:07:16,519 - ResourceManager : found templates/pages/tagReport.vm with loader org.apache.velocity.runtime.resource.loader.ClasspathResourceLoader
2018-06-27 16:07:16,520 - ResourceManager : found /templates/headers.html with loader org.apache.velocity.runtime.resource.loader.ClasspathResourceLoader
2018-06-27 16:07:16,520 - ResourceManager : found /templates/headers.html with loader org.apache.velocity.runtime.resource.loader.ClasspathResourceLoader
2018-06-27 16:07:16,521 - ResourceManager : found /styles/reporting.css with loader org.apache.velocity.runtime.resource.loader.ClasspathResourceLoader
2018-06-27 16:07:16,521 - ResourceManager : found /styles/reporting.css with loader org.apache.velocity.runtime.resource.loader.ClasspathResourceLoader
2018-06-27 16:07:16,521 - ResourceManager : found /templates/topMenu.vm with loader org.apache.velocity.runtime.resource.loader.ClasspathResourceLoader
2018-06-27 16:07:16,521 - ResourceManager : found /templates/topMenu.vm with loader org.apache.velocity.runtime.resource.loader.ClasspathResourceLoader
2018-06-27 16:07:16,521 - ResourceManager : found /templates/summaryReport.vm with loader org.apache.velocity.runtime.resource.loader.ClasspathResourceLoader
2018-06-27 16:07:16,521 - ResourceManager : found /templates/summaryReport.vm with loader org.apache.velocity.runtime.resource.loader.ClasspathResourceLoader
2018-06-27 16:07:16,522 - ResourceManager : found /templates/tableHeader.vm with loader org.apache.velocity.runtime.resource.loader.ClasspathResourceLoader
2018-06-27 16:07:16,522 - ResourceManager : found /templates/tableHeader.vm with loader org.apache.velocity.runtime.resource.loader.ClasspathResourceLoader
2018-06-27 16:07:16,522 - ResourceManager : found /templates/footer.vm with loader org.apache.velocity.runtime.resource.loader.ClasspathResourceLoader
2018-06-27 16:07:16,522 - ResourceManager : found /templates/footer.vm with loader org.apache.velocity.runtime.resource.loader.ClasspathResourceLoader
2018-06-27 16:07:16,524 - Log4JLogChute initialized using file 'target\Masterthought\velocity.log'
2018-06-27 16:07:16,524 - Log4JLogChute initialized using file 'target\Masterthought\velocity.log'
2018-06-27 16:07:16,524 - Log4JLogChute initialized using file 'target\Masterthought\velocity.log'
2018-06-27 16:07:16,524 - Initializing Velocity, Calling init()...
2018-06-27 16:07:16,524 - Initializing Velocity, Calling init()...
2018-06-27 16:07:16,524 - Initializing Velocity, Calling init()...
2018-06-27 16:07:16,524 - Starting Apache Velocity v1.7 (compiled: 2010-11-19 12:14:37)
2018-06-27 16:07:16,524 - Starting Apache Velocity v1.7 (compiled: 2010-11-19 12:14:37)
2018-06-27 16:07:16,524 - Starting Apache Velocity v1.7 (compiled: 2010-11-19 12:14:37)
2018-06-27 16:07:16,524 - Default Properties File: org\apache\velocity\runtime\defaults\velocity.properties
2018-06-27 16:07:16,524 - Default Properties File: org\apache\velocity\runtime\defaults\velocity.properties
2018-06-27 16:07:16,524 - Default Properties File: org\apache\velocity\runtime\defaults\velocity.properties
2018-06-27 16:07:16,524 - Trying to use logger class org.apache.velocity.runtime.log.AvalonLogChute
2018-06-27 16:07:16,524 - Trying to use logger class org.apache.velocity.runtime.log.AvalonLogChute
2018-06-27 16:07:16,524 - Trying to use logger class org.apache.velocity.runtime.log.AvalonLogChute
2018-06-27 16:07:16,524 - Target log system for org.apache.velocity.runtime.log.AvalonLogChute is not available (java.lang.NoClassDefFoundError: org/apache/log/format/Formatter).  Falling back to next log system...
2018-06-27 16:07:16,524 - Target log system for org.apache.velocity.runtime.log.AvalonLogChute is not available (java.lang.NoClassDefFoundError: org/apache/log/format/Formatter).  Falling back to next log system...
2018-06-27 16:07:16,524 - Target log system for org.apache.velocity.runtime.log.AvalonLogChute is not available (java.lang.NoClassDefFoundError: org/apache/log/format/Formatter).  Falling back to next log system...
2018-06-27 16:07:16,524 - Trying to use logger class org.apache.velocity.runtime.log.Log4JLogChute
2018-06-27 16:07:16,524 - Trying to use logger class org.apache.velocity.runtime.log.Log4JLogChute
2018-06-27 16:07:16,524 - Trying to use logger class org.apache.velocity.runtime.log.Log4JLogChute
2018-06-27 16:07:16,524 - Using logger class org.apache.velocity.runtime.log.Log4JLogChute
2018-06-27 16:07:16,524 - Using logger class org.apache.velocity.runtime.log.Log4JLogChute
2018-06-27 16:07:16,524 - Using logger class org.apache.velocity.runtime.log.Log4JLogChute
2018-06-27 16:07:16,524 - ResourceLoader instantiated: org.apache.velocity.runtime.resource.loader.ClasspathResourceLoader
2018-06-27 16:07:16,524 - ResourceLoader instantiated: org.apache.velocity.runtime.resource.loader.ClasspathResourceLoader
2018-06-27 16:07:16,524 - ResourceLoader instantiated: org.apache.velocity.runtime.resource.loader.ClasspathResourceLoader
2018-06-27 16:07:16,524 - ResourceCache: initialized (class org.apache.velocity.runtime.resource.ResourceCacheImpl) with class java.util.Collections$SynchronizedMap cache map.
2018-06-27 16:07:16,524 - ResourceCache: initialized (class org.apache.velocity.runtime.resource.ResourceCacheImpl) with class java.util.Collections$SynchronizedMap cache map.
2018-06-27 16:07:16,524 - ResourceCache: initialized (class org.apache.velocity.runtime.resource.ResourceCacheImpl) with class java.util.Collections$SynchronizedMap cache map.
2018-06-27 16:07:16,525 - Loaded System Directive: org.apache.velocity.runtime.directive.Stop
2018-06-27 16:07:16,525 - Loaded System Directive: org.apache.velocity.runtime.directive.Stop
2018-06-27 16:07:16,525 - Loaded System Directive: org.apache.velocity.runtime.directive.Stop
2018-06-27 16:07:16,525 - Loaded System Directive: org.apache.velocity.runtime.directive.Define
2018-06-27 16:07:16,525 - Loaded System Directive: org.apache.velocity.runtime.directive.Define
2018-06-27 16:07:16,525 - Loaded System Directive: org.apache.velocity.runtime.directive.Define
2018-06-27 16:07:16,525 - Loaded System Directive: org.apache.velocity.runtime.directive.Break
2018-06-27 16:07:16,525 - Loaded System Directive: org.apache.velocity.runtime.directive.Break
2018-06-27 16:07:16,525 - Loaded System Directive: org.apache.velocity.runtime.directive.Break
2018-06-27 16:07:16,525 - Loaded System Directive: org.apache.velocity.runtime.directive.Evaluate
2018-06-27 16:07:16,525 - Loaded System Directive: org.apache.velocity.runtime.directive.Evaluate
2018-06-27 16:07:16,525 - Loaded System Directive: org.apache.velocity.runtime.directive.Evaluate
2018-06-27 16:07:16,525 - Loaded System Directive: org.apache.velocity.runtime.directive.Literal
2018-06-27 16:07:16,525 - Loaded System Directive: org.apache.velocity.runtime.directive.Literal
2018-06-27 16:07:16,525 - Loaded System Directive: org.apache.velocity.runtime.directive.Literal
2018-06-27 16:07:16,525 - Loaded System Directive: org.apache.velocity.runtime.directive.Macro
2018-06-27 16:07:16,525 - Loaded System Directive: org.apache.velocity.runtime.directive.Macro
2018-06-27 16:07:16,525 - Loaded System Directive: org.apache.velocity.runtime.directive.Macro
2018-06-27 16:07:16,525 - Loaded System Directive: org.apache.velocity.runtime.directive.Parse
2018-06-27 16:07:16,525 - Loaded System Directive: org.apache.velocity.runtime.directive.Parse
2018-06-27 16:07:16,525 - Loaded System Directive: org.apache.velocity.runtime.directive.Parse
2018-06-27 16:07:16,525 - Loaded System Directive: org.apache.velocity.runtime.directive.Include
2018-06-27 16:07:16,525 - Loaded System Directive: org.apache.velocity.runtime.directive.Include
2018-06-27 16:07:16,525 - Loaded System Directive: org.apache.velocity.runtime.directive.Include
2018-06-27 16:07:16,525 - Loaded System Directive: org.apache.velocity.runtime.directive.Foreach
2018-06-27 16:07:16,525 - Loaded System Directive: org.apache.velocity.runtime.directive.Foreach
2018-06-27 16:07:16,525 - Loaded System Directive: org.apache.velocity.runtime.directive.Foreach
2018-06-27 16:07:16,526 - Created '20' parsers.
2018-06-27 16:07:16,526 - Created '20' parsers.
2018-06-27 16:07:16,526 - Created '20' parsers.
2018-06-27 16:07:16,526 - Velocimacro : "velocimacro.library" is not set.  Trying default library: VM_global_library.vm
2018-06-27 16:07:16,526 - Velocimacro : "velocimacro.library" is not set.  Trying default library: VM_global_library.vm
2018-06-27 16:07:16,526 - Velocimacro : "velocimacro.library" is not set.  Trying default library: VM_global_library.vm
2018-06-27 16:07:16,526 - Could not load resource 'VM_global_library.vm' from ResourceLoader org.apache.velocity.runtime.resource.loader.ClasspathResourceLoader: ClasspathResourceLoader Error: cannot find resource VM_global_library.vm
2018-06-27 16:07:16,526 - Could not load resource 'VM_global_library.vm' from ResourceLoader org.apache.velocity.runtime.resource.loader.ClasspathResourceLoader: ClasspathResourceLoader Error: cannot find resource VM_global_library.vm
2018-06-27 16:07:16,526 - Could not load resource 'VM_global_library.vm' from ResourceLoader org.apache.velocity.runtime.resource.loader.ClasspathResourceLoader: ClasspathResourceLoader Error: cannot find resource VM_global_library.vm
2018-06-27 16:07:16,526 - Velocimacro : Default library not found.
2018-06-27 16:07:16,526 - Velocimacro : Default library not found.
2018-06-27 16:07:16,526 - Velocimacro : Default library not found.
2018-06-27 16:07:16,526 - Velocimacro : allowInline = true : VMs can be defined inline in templates
2018-06-27 16:07:16,526 - Velocimacro : allowInline = true : VMs can be defined inline in templates
2018-06-27 16:07:16,526 - Velocimacro : allowInline = true : VMs can be defined inline in templates
2018-06-27 16:07:16,526 - Velocimacro : allowInlineToOverride = false : VMs defined inline may NOT replace previous VM definitions
2018-06-27 16:07:16,526 - Velocimacro : allowInlineToOverride = false : VMs defined inline may NOT replace previous VM definitions
2018-06-27 16:07:16,526 - Velocimacro : allowInlineToOverride = false : VMs defined inline may NOT replace previous VM definitions
2018-06-27 16:07:16,526 - Velocimacro : allowInlineLocal = false : VMs defined inline will be global in scope if allowed.
2018-06-27 16:07:16,526 - Velocimacro : allowInlineLocal = false : VMs defined inline will be global in scope if allowed.
2018-06-27 16:07:16,526 - Velocimacro : allowInlineLocal = false : VMs defined inline will be global in scope if allowed.
2018-06-27 16:07:16,526 - Velocimacro : autoload off : VM system will not automatically reload global library macros
2018-06-27 16:07:16,526 - Velocimacro : autoload off : VM system will not automatically reload global library macros
2018-06-27 16:07:16,526 - Velocimacro : autoload off : VM system will not automatically reload global library macros
2018-06-27 16:07:16,528 - ResourceManager : found templates/pages/tagOverview.vm with loader org.apache.velocity.runtime.resource.loader.ClasspathResourceLoader
2018-06-27 16:07:16,528 - ResourceManager : found templates/pages/tagOverview.vm with loader org.apache.velocity.runtime.resource.loader.ClasspathResourceLoader
2018-06-27 16:07:16,528 - ResourceManager : found templates/pages/tagOverview.vm with loader org.apache.velocity.runtime.resource.loader.ClasspathResourceLoader
2018-06-27 16:07:16,529 - ResourceManager : found /templates/headers.html with loader org.apache.velocity.runtime.resource.loader.ClasspathResourceLoader
2018-06-27 16:07:16,529 - ResourceManager : found /templates/headers.html with loader org.apache.velocity.runtime.resource.loader.ClasspathResourceLoader
2018-06-27 16:07:16,529 - ResourceManager : found /templates/headers.html with loader org.apache.velocity.runtime.resource.loader.ClasspathResourceLoader
2018-06-27 16:07:16,529 - ResourceManager : found /templates/tableSorter.vm with loader org.apache.velocity.runtime.resource.loader.ClasspathResourceLoader
2018-06-27 16:07:16,529 - ResourceManager : found /templates/tableSorter.vm with loader org.apache.velocity.runtime.resource.loader.ClasspathResourceLoader
2018-06-27 16:07:16,529 - ResourceManager : found /templates/tableSorter.vm with loader org.apache.velocity.runtime.resource.loader.ClasspathResourceLoader
2018-06-27 16:07:16,529 - ResourceManager : found /styles/reporting.css with loader org.apache.velocity.runtime.resource.loader.ClasspathResourceLoader
2018-06-27 16:07:16,529 - ResourceManager : found /styles/reporting.css with loader org.apache.velocity.runtime.resource.loader.ClasspathResourceLoader
2018-06-27 16:07:16,529 - ResourceManager : found /styles/reporting.css with loader org.apache.velocity.runtime.resource.loader.ClasspathResourceLoader
2018-06-27 16:07:16,530 - ResourceManager : found /templates/topMenu.vm with loader org.apache.velocity.runtime.resource.loader.ClasspathResourceLoader
2018-06-27 16:07:16,530 - ResourceManager : found /templates/topMenu.vm with loader org.apache.velocity.runtime.resource.loader.ClasspathResourceLoader
2018-06-27 16:07:16,530 - ResourceManager : found /templates/topMenu.vm with loader org.apache.velocity.runtime.resource.loader.ClasspathResourceLoader
2018-06-27 16:07:16,531 - ResourceManager : found /templates/summaryOverview.vm with loader org.apache.velocity.runtime.resource.loader.ClasspathResourceLoader
2018-06-27 16:07:16,531 - ResourceManager : found /templates/summaryOverview.vm with loader org.apache.velocity.runtime.resource.loader.ClasspathResourceLoader
2018-06-27 16:07:16,531 - ResourceManager : found /templates/summaryOverview.vm with loader org.apache.velocity.runtime.resource.loader.ClasspathResourceLoader
2018-06-27 16:07:16,531 - ResourceManager : found /templates/tableHeader.vm with loader org.apache.velocity.runtime.resource.loader.ClasspathResourceLoader
2018-06-27 16:07:16,531 - ResourceManager : found /templates/tableHeader.vm with loader org.apache.velocity.runtime.resource.loader.ClasspathResourceLoader
2018-06-27 16:07:16,531 - ResourceManager : found /templates/tableHeader.vm with loader org.apache.velocity.runtime.resource.loader.ClasspathResourceLoader
2018-06-27 16:07:16,532 - ResourceManager : found /templates/footer.vm with loader org.apache.velocity.runtime.resource.loader.ClasspathResourceLoader
2018-06-27 16:07:16,532 - ResourceManager : found /templates/footer.vm with loader org.apache.velocity.runtime.resource.loader.ClasspathResourceLoader
2018-06-27 16:07:16,532 - ResourceManager : found /templates/footer.vm with loader org.apache.velocity.runtime.resource.loader.ClasspathResourceLoader
2018-06-27 16:07:16,534 - Log4JLogChute initialized using file 'target\Masterthought\velocity.log'
2018-06-27 16:07:16,534 - Log4JLogChute initialized using file 'target\Masterthought\velocity.log'
2018-06-27 16:07:16,534 - Log4JLogChute initialized using file 'target\Masterthought\velocity.log'
2018-06-27 16:07:16,534 - Log4JLogChute initialized using file 'target\Masterthought\velocity.log'
2018-06-27 16:07:16,534 - Initializing Velocity, Calling init()...
2018-06-27 16:07:16,534 - Initializing Velocity, Calling init()...
2018-06-27 16:07:16,534 - Initializing Velocity, Calling init()...
2018-06-27 16:07:16,534 - Initializing Velocity, Calling init()...
2018-06-27 16:07:16,534 - Starting Apache Velocity v1.7 (compiled: 2010-11-19 12:14:37)
2018-06-27 16:07:16,534 - Starting Apache Velocity v1.7 (compiled: 2010-11-19 12:14:37)
2018-06-27 16:07:16,534 - Starting Apache Velocity v1.7 (compiled: 2010-11-19 12:14:37)
2018-06-27 16:07:16,534 - Starting Apache Velocity v1.7 (compiled: 2010-11-19 12:14:37)
2018-06-27 16:07:16,534 - Default Properties File: org\apache\velocity\runtime\defaults\velocity.properties
2018-06-27 16:07:16,534 - Default Properties File: org\apache\velocity\runtime\defaults\velocity.properties
2018-06-27 16:07:16,534 - Default Properties File: org\apache\velocity\runtime\defaults\velocity.properties
2018-06-27 16:07:16,534 - Default Properties File: org\apache\velocity\runtime\defaults\velocity.properties
2018-06-27 16:07:16,534 - Trying to use logger class org.apache.velocity.runtime.log.AvalonLogChute
2018-06-27 16:07:16,534 - Trying to use logger class org.apache.velocity.runtime.log.AvalonLogChute
2018-06-27 16:07:16,534 - Trying to use logger class org.apache.velocity.runtime.log.AvalonLogChute
2018-06-27 16:07:16,534 - Trying to use logger class org.apache.velocity.runtime.log.AvalonLogChute
2018-06-27 16:07:16,534 - Target log system for org.apache.velocity.runtime.log.AvalonLogChute is not available (java.lang.NoClassDefFoundError: org/apache/log/format/Formatter).  Falling back to next log system...
2018-06-27 16:07:16,534 - Target log system for org.apache.velocity.runtime.log.AvalonLogChute is not available (java.lang.NoClassDefFoundError: org/apache/log/format/Formatter).  Falling back to next log system...
2018-06-27 16:07:16,534 - Target log system for org.apache.velocity.runtime.log.AvalonLogChute is not available (java.lang.NoClassDefFoundError: org/apache/log/format/Formatter).  Falling back to next log system...
2018-06-27 16:07:16,534 - Target log system for org.apache.velocity.runtime.log.AvalonLogChute is not available (java.lang.NoClassDefFoundError: org/apache/log/format/Formatter).  Falling back to next log system...
2018-06-27 16:07:16,534 - Trying to use logger class org.apache.velocity.runtime.log.Log4JLogChute
2018-06-27 16:07:16,534 - Trying to use logger class org.apache.velocity.runtime.log.Log4JLogChute
2018-06-27 16:07:16,534 - Trying to use logger class org.apache.velocity.runtime.log.Log4JLogChute
2018-06-27 16:07:16,534 - Trying to use logger class org.apache.velocity.runtime.log.Log4JLogChute
2018-06-27 16:07:16,534 - Using logger class org.apache.velocity.runtime.log.Log4JLogChute
2018-06-27 16:07:16,534 - Using logger class org.apache.velocity.runtime.log.Log4JLogChute
2018-06-27 16:07:16,534 - Using logger class org.apache.velocity.runtime.log.Log4JLogChute
2018-06-27 16:07:16,534 - Using logger class org.apache.velocity.runtime.log.Log4JLogChute
2018-06-27 16:07:16,534 - ResourceLoader instantiated: org.apache.velocity.runtime.resource.loader.ClasspathResourceLoader
2018-06-27 16:07:16,534 - ResourceLoader instantiated: org.apache.velocity.runtime.resource.loader.ClasspathResourceLoader
2018-06-27 16:07:16,534 - ResourceLoader instantiated: org.apache.velocity.runtime.resource.loader.ClasspathResourceLoader
2018-06-27 16:07:16,534 - ResourceLoader instantiated: org.apache.velocity.runtime.resource.loader.ClasspathResourceLoader
2018-06-27 16:07:16,534 - ResourceCache: initialized (class org.apache.velocity.runtime.resource.ResourceCacheImpl) with class java.util.Collections$SynchronizedMap cache map.
2018-06-27 16:07:16,534 - ResourceCache: initialized (class org.apache.velocity.runtime.resource.ResourceCacheImpl) with class java.util.Collections$SynchronizedMap cache map.
2018-06-27 16:07:16,534 - ResourceCache: initialized (class org.apache.velocity.runtime.resource.ResourceCacheImpl) with class java.util.Collections$SynchronizedMap cache map.
2018-06-27 16:07:16,534 - ResourceCache: initialized (class org.apache.velocity.runtime.resource.ResourceCacheImpl) with class java.util.Collections$SynchronizedMap cache map.
2018-06-27 16:07:16,535 - Loaded System Directive: org.apache.velocity.runtime.directive.Stop
2018-06-27 16:07:16,535 - Loaded System Directive: org.apache.velocity.runtime.directive.Stop
2018-06-27 16:07:16,535 - Loaded System Directive: org.apache.velocity.runtime.directive.Stop
2018-06-27 16:07:16,535 - Loaded System Directive: org.apache.velocity.runtime.directive.Stop
2018-06-27 16:07:16,535 - Loaded System Directive: org.apache.velocity.runtime.directive.Define
2018-06-27 16:07:16,535 - Loaded System Directive: org.apache.velocity.runtime.directive.Define
2018-06-27 16:07:16,535 - Loaded System Directive: org.apache.velocity.runtime.directive.Define
2018-06-27 16:07:16,535 - Loaded System Directive: org.apache.velocity.runtime.directive.Define
2018-06-27 16:07:16,535 - Loaded System Directive: org.apache.velocity.runtime.directive.Break
2018-06-27 16:07:16,535 - Loaded System Directive: org.apache.velocity.runtime.directive.Break
2018-06-27 16:07:16,535 - Loaded System Directive: org.apache.velocity.runtime.directive.Break
2018-06-27 16:07:16,535 - Loaded System Directive: org.apache.velocity.runtime.directive.Break
2018-06-27 16:07:16,535 - Loaded System Directive: org.apache.velocity.runtime.directive.Evaluate
2018-06-27 16:07:16,535 - Loaded System Directive: org.apache.velocity.runtime.directive.Evaluate
2018-06-27 16:07:16,535 - Loaded System Directive: org.apache.velocity.runtime.directive.Evaluate
2018-06-27 16:07:16,535 - Loaded System Directive: org.apache.velocity.runtime.directive.Evaluate
2018-06-27 16:07:16,535 - Loaded System Directive: org.apache.velocity.runtime.directive.Literal
2018-06-27 16:07:16,535 - Loaded System Directive: org.apache.velocity.runtime.directive.Literal
2018-06-27 16:07:16,535 - Loaded System Directive: org.apache.velocity.runtime.directive.Literal
2018-06-27 16:07:16,535 - Loaded System Directive: org.apache.velocity.runtime.directive.Literal
2018-06-27 16:07:16,535 - Loaded System Directive: org.apache.velocity.runtime.directive.Macro
2018-06-27 16:07:16,535 - Loaded System Directive: org.apache.velocity.runtime.directive.Macro
2018-06-27 16:07:16,535 - Loaded System Directive: org.apache.velocity.runtime.directive.Macro
2018-06-27 16:07:16,535 - Loaded System Directive: org.apache.velocity.runtime.directive.Macro
2018-06-27 16:07:16,535 - Loaded System Directive: org.apache.velocity.runtime.directive.Parse
2018-06-27 16:07:16,535 - Loaded System Directive: org.apache.velocity.runtime.directive.Parse
2018-06-27 16:07:16,535 - Loaded System Directive: org.apache.velocity.runtime.directive.Parse
2018-06-27 16:07:16,535 - Loaded System Directive: org.apache.velocity.runtime.directive.Parse
2018-06-27 16:07:16,535 - Loaded System Directive: org.apache.velocity.runtime.directive.Include
2018-06-27 16:07:16,535 - Loaded System Directive: org.apache.velocity.runtime.directive.Include
2018-06-27 16:07:16,535 - Loaded System Directive: org.apache.velocity.runtime.directive.Include
2018-06-27 16:07:16,535 - Loaded System Directive: org.apache.velocity.runtime.directive.Include
2018-06-27 16:07:16,535 - Loaded System Directive: org.apache.velocity.runtime.directive.Foreach
2018-06-27 16:07:16,535 - Loaded System Directive: org.apache.velocity.runtime.directive.Foreach
2018-06-27 16:07:16,535 - Loaded System Directive: org.apache.velocity.runtime.directive.Foreach
2018-06-27 16:07:16,535 - Loaded System Directive: org.apache.velocity.runtime.directive.Foreach
2018-06-27 16:07:16,536 - Created '20' parsers.
2018-06-27 16:07:16,536 - Created '20' parsers.
2018-06-27 16:07:16,536 - Created '20' parsers.
2018-06-27 16:07:16,536 - Created '20' parsers.
2018-06-27 16:07:16,536 - Velocimacro : "velocimacro.library" is not set.  Trying default library: VM_global_library.vm
2018-06-27 16:07:16,536 - Velocimacro : "velocimacro.library" is not set.  Trying default library: VM_global_library.vm
2018-06-27 16:07:16,536 - Velocimacro : "velocimacro.library" is not set.  Trying default library: VM_global_library.vm
2018-06-27 16:07:16,536 - Velocimacro : "velocimacro.library" is not set.  Trying default library: VM_global_library.vm
2018-06-27 16:07:16,536 - Could not load resource 'VM_global_library.vm' from ResourceLoader org.apache.velocity.runtime.resource.loader.ClasspathResourceLoader: ClasspathResourceLoader Error: cannot find resource VM_global_library.vm
2018-06-27 16:07:16,536 - Could not load resource 'VM_global_library.vm' from ResourceLoader org.apache.velocity.runtime.resource.loader.ClasspathResourceLoader: ClasspathResourceLoader Error: cannot find resource VM_global_library.vm
2018-06-27 16:07:16,536 - Could not load resource 'VM_global_library.vm' from ResourceLoader org.apache.velocity.runtime.resource.loader.ClasspathResourceLoader: ClasspathResourceLoader Error: cannot find resource VM_global_library.vm
2018-06-27 16:07:16,536 - Could not load resource 'VM_global_library.vm' from ResourceLoader org.apache.velocity.runtime.resource.loader.ClasspathResourceLoader: ClasspathResourceLoader Error: cannot find resource VM_global_library.vm
2018-06-27 16:07:16,536 - Velocimacro : Default library not found.
2018-06-27 16:07:16,536 - Velocimacro : Default library not found.
2018-06-27 16:07:16,536 - Velocimacro : Default library not found.
2018-06-27 16:07:16,536 - Velocimacro : Default library not found.
2018-06-27 16:07:16,536 - Velocimacro : allowInline = true : VMs can be defined inline in templates
2018-06-27 16:07:16,536 - Velocimacro : allowInline = true : VMs can be defined inline in templates
2018-06-27 16:07:16,536 - Velocimacro : allowInline = true : VMs can be defined inline in templates
2018-06-27 16:07:16,536 - Velocimacro : allowInline = true : VMs can be defined inline in templates
2018-06-27 16:07:16,536 - Velocimacro : allowInlineToOverride = false : VMs defined inline may NOT replace previous VM definitions
2018-06-27 16:07:16,536 - Velocimacro : allowInlineToOverride = false : VMs defined inline may NOT replace previous VM definitions
2018-06-27 16:07:16,536 - Velocimacro : allowInlineToOverride = false : VMs defined inline may NOT replace previous VM definitions
2018-06-27 16:07:16,536 - Velocimacro : allowInlineToOverride = false : VMs defined inline may NOT replace previous VM definitions
2018-06-27 16:07:16,536 - Velocimacro : allowInlineLocal = false : VMs defined inline will be global in scope if allowed.
2018-06-27 16:07:16,536 - Velocimacro : allowInlineLocal = false : VMs defined inline will be global in scope if allowed.
2018-06-27 16:07:16,536 - Velocimacro : allowInlineLocal = false : VMs defined inline will be global in scope if allowed.
2018-06-27 16:07:16,536 - Velocimacro : allowInlineLocal = false : VMs defined inline will be global in scope if allowed.
2018-06-27 16:07:16,536 - Velocimacro : autoload off : VM system will not automatically reload global library macros
2018-06-27 16:07:16,536 - Velocimacro : autoload off : VM system will not automatically reload global library macros
2018-06-27 16:07:16,536 - Velocimacro : autoload off : VM system will not automatically reload global library macros
2018-06-27 16:07:16,536 - Velocimacro : autoload off : VM system will not automatically reload global library macros
2018-06-27 16:07:16,537 - ResourceManager : found templates/pages/stepOverview.vm with loader org.apache.velocity.runtime.resource.loader.ClasspathResourceLoader
2018-06-27 16:07:16,537 - ResourceManager : found templates/pages/stepOverview.vm with loader org.apache.velocity.runtime.resource.loader.ClasspathResourceLoader
2018-06-27 16:07:16,537 - ResourceManager : found templates/pages/stepOverview.vm with loader org.apache.velocity.runtime.resource.loader.ClasspathResourceLoader
2018-06-27 16:07:16,537 - ResourceManager : found templates/pages/stepOverview.vm with loader org.apache.velocity.runtime.resource.loader.ClasspathResourceLoader
2018-06-27 16:07:16,538 - ResourceManager : found /templates/headers.html with loader org.apache.velocity.runtime.resource.loader.ClasspathResourceLoader
2018-06-27 16:07:16,538 - ResourceManager : found /templates/headers.html with loader org.apache.velocity.runtime.resource.loader.ClasspathResourceLoader
2018-06-27 16:07:16,538 - ResourceManager : found /templates/headers.html with loader org.apache.velocity.runtime.resource.loader.ClasspathResourceLoader
2018-06-27 16:07:16,538 - ResourceManager : found /templates/headers.html with loader org.apache.velocity.runtime.resource.loader.ClasspathResourceLoader
2018-06-27 16:07:16,539 - ResourceManager : found /styles/reporting.css with loader org.apache.velocity.runtime.resource.loader.ClasspathResourceLoader
2018-06-27 16:07:16,539 - ResourceManager : found /styles/reporting.css with loader org.apache.velocity.runtime.resource.loader.ClasspathResourceLoader
2018-06-27 16:07:16,539 - ResourceManager : found /styles/reporting.css with loader org.apache.velocity.runtime.resource.loader.ClasspathResourceLoader
2018-06-27 16:07:16,539 - ResourceManager : found /styles/reporting.css with loader org.apache.velocity.runtime.resource.loader.ClasspathResourceLoader
2018-06-27 16:07:16,539 - ResourceManager : found /templates/tableSorter.vm with loader org.apache.velocity.runtime.resource.loader.ClasspathResourceLoader
2018-06-27 16:07:16,539 - ResourceManager : found /templates/tableSorter.vm with loader org.apache.velocity.runtime.resource.loader.ClasspathResourceLoader
2018-06-27 16:07:16,539 - ResourceManager : found /templates/tableSorter.vm with loader org.apache.velocity.runtime.resource.loader.ClasspathResourceLoader
2018-06-27 16:07:16,539 - ResourceManager : found /templates/tableSorter.vm with loader org.apache.velocity.runtime.resource.loader.ClasspathResourceLoader
2018-06-27 16:07:16,539 - ResourceManager : found /templates/topMenu.vm with loader org.apache.velocity.runtime.resource.loader.ClasspathResourceLoader
2018-06-27 16:07:16,539 - ResourceManager : found /templates/topMenu.vm with loader org.apache.velocity.runtime.resource.loader.ClasspathResourceLoader
2018-06-27 16:07:16,539 - ResourceManager : found /templates/topMenu.vm with loader org.apache.velocity.runtime.resource.loader.ClasspathResourceLoader
2018-06-27 16:07:16,539 - ResourceManager : found /templates/topMenu.vm with loader org.apache.velocity.runtime.resource.loader.ClasspathResourceLoader
2018-06-27 16:07:16,540 - ResourceManager : found /templates/summaryOverview.vm with loader org.apache.velocity.runtime.resource.loader.ClasspathResourceLoader
2018-06-27 16:07:16,540 - ResourceManager : found /templates/summaryOverview.vm with loader org.apache.velocity.runtime.resource.loader.ClasspathResourceLoader
2018-06-27 16:07:16,540 - ResourceManager : found /templates/summaryOverview.vm with loader org.apache.velocity.runtime.resource.loader.ClasspathResourceLoader
2018-06-27 16:07:16,540 - ResourceManager : found /templates/summaryOverview.vm with loader org.apache.velocity.runtime.resource.loader.ClasspathResourceLoader
2018-06-27 16:07:16,541 - ResourceManager : found /templates/footer.vm with loader org.apache.velocity.runtime.resource.loader.ClasspathResourceLoader
2018-06-27 16:07:16,541 - ResourceManager : found /templates/footer.vm with loader org.apache.velocity.runtime.resource.loader.ClasspathResourceLoader
2018-06-27 16:07:16,541 - ResourceManager : found /templates/footer.vm with loader org.apache.velocity.runtime.resource.loader.ClasspathResourceLoader
2018-06-27 16:07:16,541 - ResourceManager : found /templates/footer.vm with loader org.apache.velocity.runtime.resource.loader.ClasspathResourceLoader
