2018-06-14 04:52:08,314 INFO  [log] A21AAE7O0QWoqrgzOFQlAbNHOgchEDNLj40PaNbN_QzUSqVgp54-lPlqzdH8i6AcNE2TMFKwDjqYsrypxbZA_MzFlePpz9F7A
2018-06-14 04:52:08,351 INFO  [log] 72263290265
2018-06-14 04:52:09,488 INFO  [log] https://www.sandbox.paypal.com/cgi-bin/webscr?cmd=_express-checkout&token=EC-9PM04464KD5688416
2018-06-14 04:52:09,488 INFO  [log] https://api.sandbox.paypal.com/v1/payments/payment/PAY-9AJ4643833650815ELMQ6M2I/execute
2018-06-14 04:56:24,149 INFO  [log] A21AAE7O0QWoqrgzOFQlAbNHOgchEDNLj40PaNbN_QzUSqVgp54-lPlqzdH8i6AcNE2TMFKwDjqYsrypxbZA_MzFlePpz9F7A
2018-06-14 04:56:24,186 INFO  [log] 72844463471
2018-06-14 04:56:25,341 INFO  [log] https://www.sandbox.paypal.com/cgi-bin/webscr?cmd=_express-checkout&token=EC-4LF516096N858923B
2018-06-14 04:56:25,341 INFO  [log] https://api.sandbox.paypal.com/v1/payments/payment/PAY-21X61017190627438LMQ6O2I/execute
2018-06-14 04:57:23,739 INFO  [log] A21AAE7O0QWoqrgzOFQlAbNHOgchEDNLj40PaNbN_QzUSqVgp54-lPlqzdH8i6AcNE2TMFKwDjqYsrypxbZA_MzFlePpz9F7A
2018-06-14 04:57:23,776 INFO  [log] 26102115925
2018-06-14 04:57:24,910 INFO  [log] https://www.sandbox.paypal.com/cgi-bin/webscr?cmd=_express-checkout&token=EC-96C33765UP610215W
2018-06-14 04:57:24,910 INFO  [log] https://api.sandbox.paypal.com/v1/payments/payment/PAY-59793081AD595134TLMQ6PJA/execute
2018-06-14 04:59:27,311 INFO  [log] A21AAE7O0QWoqrgzOFQlAbNHOgchEDNLj40PaNbN_QzUSqVgp54-lPlqzdH8i6AcNE2TMFKwDjqYsrypxbZA_MzFlePpz9F7A
2018-06-14 04:59:27,348 INFO  [log] 49033953278
2018-06-14 04:59:28,424 INFO  [log] https://www.sandbox.paypal.com/cgi-bin/webscr?cmd=_express-checkout&token=EC-6LF81694D0811742W
2018-06-14 04:59:28,424 INFO  [log] https://api.sandbox.paypal.com/v1/payments/payment/PAY-5JM28668LV273035TLMQ6QIA/execute
2018-06-14 05:01:04,633 INFO  [log] A21AAF-74VmuJaYO_kzbwO5y6dVSbOdnXXwd5UN8IABaF0pkxHFa_HwjK6aNx6wkKcGgdmxFaa_SUbOc8PR1Qendaz3CTi8OA
2018-06-14 05:01:04,672 INFO  [log] 52439379231
2018-06-14 05:01:05,779 INFO  [log] https://www.sandbox.paypal.com/cgi-bin/webscr?cmd=_express-checkout&token=EC-2UB78694A0217041Y
2018-06-14 05:01:05,779 INFO  [log] https://api.sandbox.paypal.com/v1/payments/payment/PAY-89D71004KY7729134LMQ6RAI/execute
2018-06-14 05:04:58,245 INFO  [log] A21AAF-74VmuJaYO_kzbwO5y6dVSbOdnXXwd5UN8IABaF0pkxHFa_HwjK6aNx6wkKcGgdmxFaa_SUbOc8PR1Qendaz3CTi8OA
2018-06-14 05:04:58,291 INFO  [log] 09398402744
2018-06-14 05:04:59,435 INFO  [log] https://www.sandbox.paypal.com/cgi-bin/webscr?cmd=_express-checkout&token=EC-38R542516G780212Y
2018-06-14 05:04:59,435 INFO  [log] https://api.sandbox.paypal.com/v1/payments/payment/PAY-3Y068165L8195644KLMQ6S2Y/execute
