2018-06-14 04:50:30,846 ERROR [errorlog] com.eviware.soapui.support.SoapUIException: Failed to load project from file [file:/C:/Users/workpeter/Documents/Eclipse-workspace/ARGOS/soapui-maven-example.xml]
com.eviware.soapui.support.SoapUIException: Failed to load project from file [file:/C:/Users/workpeter/Documents/Eclipse-workspace/ARGOS/soapui-maven-example.xml]
	at com.eviware.soapui.impl.wsdl.WsdlProject.loadProject(WsdlProject.java:411)
	at com.eviware.soapui.impl.wsdl.WsdlProject.<init>(WsdlProject.java:219)
	at com.eviware.soapui.impl.wsdl.WsdlProjectFactory.createNew(WsdlProjectFactory.java:45)
	at com.eviware.soapui.impl.wsdl.WsdlProjectFactory.createNew(WsdlProjectFactory.java:28)
	at com.eviware.soapui.tools.SoapUITestCaseRunner.runRunner(SoapUITestCaseRunner.java:341)
	at com.eviware.soapui.tools.AbstractSoapUIRunner.run(AbstractSoapUIRunner.java:162)
	at com.eviware.soapui.maven2.TestMojo.execute(TestMojo.java:117)
	at org.apache.maven.plugin.DefaultBuildPluginManager.executeMojo(DefaultBuildPluginManager.java:134)
	at org.apache.maven.lifecycle.internal.MojoExecutor.execute(MojoExecutor.java:207)
	at org.apache.maven.lifecycle.internal.MojoExecutor.execute(MojoExecutor.java:153)
	at org.apache.maven.lifecycle.internal.MojoExecutor.execute(MojoExecutor.java:145)
	at org.apache.maven.lifecycle.internal.LifecycleModuleBuilder.buildProject(LifecycleModuleBuilder.java:116)
	at org.apache.maven.lifecycle.internal.LifecycleModuleBuilder.buildProject(LifecycleModuleBuilder.java:80)
	at org.apache.maven.lifecycle.internal.builder.singlethreaded.SingleThreadedBuilder.build(SingleThreadedBuilder.java:51)
	at org.apache.maven.lifecycle.internal.LifecycleStarter.execute(LifecycleStarter.java:128)
	at org.apache.maven.DefaultMaven.doExecute(DefaultMaven.java:307)
	at org.apache.maven.DefaultMaven.doExecute(DefaultMaven.java:193)
	at org.apache.maven.DefaultMaven.execute(DefaultMaven.java:106)
	at org.apache.maven.cli.MavenCli.execute(MavenCli.java:863)
	at org.apache.maven.cli.MavenCli.doMain(MavenCli.java:288)
	at org.apache.maven.cli.MavenCli.main(MavenCli.java:199)
	at sun.reflect.NativeMethodAccessorImpl.invoke0(Native Method)
	at sun.reflect.NativeMethodAccessorImpl.invoke(NativeMethodAccessorImpl.java:62)
	at sun.reflect.DelegatingMethodAccessorImpl.invoke(DelegatingMethodAccessorImpl.java:43)
	at java.lang.reflect.Method.invoke(Method.java:498)
	at org.codehaus.plexus.classworlds.launcher.Launcher.launchEnhanced(Launcher.java:289)
	at org.codehaus.plexus.classworlds.launcher.Launcher.launch(Launcher.java:229)
	at org.codehaus.plexus.classworlds.launcher.Launcher.mainWithExitCode(Launcher.java:415)
	at org.codehaus.plexus.classworlds.launcher.Launcher.main(Launcher.java:356)
Caused by: org.apache.xmlbeans.XmlException: error: Unexpected character encountered (lex state 10): '>'
	at org.apache.xmlbeans.impl.store.Locale$SaxLoader.load(Locale.java:3486)
	at org.apache.xmlbeans.impl.store.Locale.parseToXmlObject(Locale.java:1276)
	at org.apache.xmlbeans.impl.store.Locale.parseToXmlObject(Locale.java:1263)
	at org.apache.xmlbeans.impl.schema.SchemaTypeLoaderBase.parse(SchemaTypeLoaderBase.java:345)
	at com.eviware.soapui.config.SoapuiProjectDocumentConfig$Factory.parse(SoapuiProjectDocumentConfig.java:71)
	at com.eviware.soapui.impl.wsdl.WsdlProject.loadProject(WsdlProject.java:310)
	... 28 more
Caused by: org.xml.sax.SAXParseException; systemId: file:; lineNumber: 43; columnNumber: 91; Unexpected character encountered (lex state 10): '>'
	at org.apache.xmlbeans.impl.piccolo.xml.Piccolo.reportFatalError(Piccolo.java:1038)
	at org.apache.xmlbeans.impl.piccolo.xml.Piccolo.parse(Piccolo.java:723)
	at org.apache.xmlbeans.impl.store.Locale$SaxLoader.load(Locale.java:3454)
	... 33 more
